<?xml version="1.0" encoding="UTF-8"?>
<testsuite xmlns:xsi="http://www.w3.org/2001/XMLSchema-instance" xsi:noNamespaceSchemaLocation="https://maven.apache.org/surefire/maven-surefire-plugin/xsd/surefire-test-report.xsd" name="com.gabrielarufo.AppTest" time="0.075" tests="1" errors="0" skipped="0" failures="0">
  <properties>
    <property name="sun.desktop" value="windows"/>
    <property name="awt.toolkit" value="sun.awt.windows.WToolkit"/>
    <property name="file.encoding.pkg" value="sun.io"/>
    <property name="java.specification.version" value="1.8"/>
    <property name="sun.cpu.isalist" value="amd64"/>
    <property name="sun.jnu.encoding" value="Cp1252"/>
    <property name="java.class.path" value="c:\Users\Gabriela\Documents\atividade1\atividade1\target\test-classes;c:\Users\Gabriela\Documents\atividade1\atividade1\target\classes;C:\Users\Gabriela\.m2\repository\junit\junit\4.11\junit-4.11.jar;C:\Users\Gabriela\.m2\repository\org\hamcrest\hamcrest-core\1.3\hamcrest-core-1.3.jar;"/>
    <property name="java.vm.vendor" value="Oracle Corporation"/>
    <property name="sun.arch.data.model" value="64"/>
    <property name="user.variant" value=""/>
    <property name="java.vendor.url" value="http://java.oracle.com/"/>
    <property name="user.timezone" value="America/Sao_Paulo"/>
    <property name="java.vm.specification.version" value="1.8"/>
    <property name="os.name" value="Windows 10"/>
    <property name="user.country" value="BR"/>
    <property name="sun.java.launcher" value="SUN_STANDARD"/>
    <property name="sun.boot.library.path" value="C:\Development\Tools\JAVA\JAVA_8\jre\bin"/>
    <property name="sun.java.command" value="C:\Users\Gabriela\AppData\Local\Temp\surefire3873459364844359141\surefirebooter3075933192925274557.jar C:\Users\Gabriela\AppData\Local\Temp\surefire3873459364844359141 2023-12-12T20-10-43_552-jvmRun1 surefire2543862163778259124tmp surefire_05574710438189790162tmp"/>
    <property name="surefire.test.class.path" value="c:\Users\Gabriela\Documents\atividade1\atividade1\target\test-classes;c:\Users\Gabriela\Documents\atividade1\atividade1\target\classes;C:\Users\Gabriela\.m2\repository\junit\junit\4.11\junit-4.11.jar;C:\Users\Gabriela\.m2\repository\org\hamcrest\hamcrest-core\1.3\hamcrest-core-1.3.jar;"/>
    <property name="sun.cpu.endian" value="little"/>
    <property name="user.home" value="C:\Users\Gabriela"/>
    <property name="user.language" value="pt"/>
    <property name="java.specification.vendor" value="Oracle Corporation"/>
    <property name="java.home" value="C:\Development\Tools\JAVA\JAVA_8\jre"/>
    <property name="basedir" value="c:\Users\Gabriela\Documents\atividade1\atividade1"/>
    <property name="file.separator" value="\"/>
    <property name="line.separator" value="&#10;"/>
    <property name="java.vm.specification.vendor" value="Oracle Corporation"/>
    <property name="java.specification.name" value="Java Platform API Specification"/>
    <property name="java.awt.graphicsenv" value="sun.awt.Win32GraphicsEnvironment"/>
    <property name="surefire.real.class.path" value="C:\Users\Gabriela\AppData\Local\Temp\surefire3873459364844359141\surefirebooter3075933192925274557.jar"/>
    <property name="sun.boot.class.path" value="C:\Development\Tools\JAVA\JAVA_8\jre\lib\resources.jar;C:\Development\Tools\JAVA\JAVA_8\jre\lib\rt.jar;C:\Development\Tools\JAVA\JAVA_8\jre\lib\jsse.jar;C:\Development\Tools\JAVA\JAVA_8\jre\lib\jce.jar;C:\Development\Tools\JAVA\JAVA_8\jre\lib\charsets.jar;C:\Development\Tools\JAVA\JAVA_8\jre\lib\jfr.jar;C:\Development\Tools\JAVA\JAVA_8\jre\classes"/>
    <property name="user.script" value=""/>
    <property name="sun.management.compiler" value="HotSpot 64-Bit Tiered Compilers"/>
    <property name="java.runtime.version" value="1.8.0_391-b13"/>
    <property name="user.name" value="Gabriela"/>
    <property name="path.separator" value=";"/>
    <property name="os.version" value="10.0"/>
    <property name="java.endorsed.dirs" value="C:\Development\Tools\JAVA\JAVA_8\jre\lib\endorsed"/>
    <property name="java.runtime.name" value="Java(TM) SE Runtime Environment"/>
    <property name="file.encoding" value="Cp1252"/>
    <property name="java.vm.name" value="Java HotSpot(TM) 64-Bit Server VM"/>
    <property name="localRepository" value="C:\Users\Gabriela\.m2\repository"/>
    <property name="java.vendor.url.bug" value="http://bugreport.sun.com/bugreport/"/>
    <property name="java.io.tmpdir" value="C:\Users\Gabriela\AppData\Local\Temp\"/>
    <property name="java.version" value="1.8.0_391"/>
    <property name="user.dir" value="c:\Users\Gabriela\Documents\atividade1\atividade1"/>
    <property name="os.arch" value="amd64"/>
    <property name="java.vm.specification.name" value="Java Virtual Machine Specification"/>
    <property name="java.awt.printerjob" value="sun.awt.windows.WPrinterJob"/>
    <property name="sun.os.patch.level" value=""/>
    <property name="java.library.path" value="C:\Development\Tools\JAVA\JAVA_8\jre\bin;C:\Windows\Sun\Java\bin;C:\Windows\system32;C:\Windows;C:\Program Files (x86)\Common Files\Oracle\Java\javapath;C:\Windows\system32;C:\Windows;C:\Windows\System32\Wbem;C:\Windows\System32\WindowsPowerShell\v1.0\;C:\Windows\System32\OpenSSH\;C:\temp\apache-maven-3.9.6-bin\bin;C:\Development\Tools\JAVA\JAVA_8\bin;C:\Development\Tools\MAVEN\apache-maven-3.9.6\bin;C:\Users\Gabriela\AppData\Local\Microsoft\WindowsApps;;."/>
    <property name="java.vm.info" value="mixed mode"/>
    <property name="java.vendor" value="Oracle Corporation"/>
    <property name="java.vm.version" value="25.391-b13"/>
    <property name="java.specification.maintenance.version" value="5"/>
    <property name="java.ext.dirs" value="C:\Development\Tools\JAVA\JAVA_8\jre\lib\ext;C:\Windows\Sun\Java\lib\ext"/>
    <property name="sun.io.unicode.encoding" value="UnicodeLittle"/>
    <property name="java.class.version" value="52.0"/>
  </properties>
  <testcase name="shouldAnswerWithTrue" classname="com.gabrielarufo.AppTest" time="0.005"/>
</testsuite>